mode: set
project/e-commerce/features/order/service/logic.go:12.59,16.2 1 1
project/e-commerce/features/order/service/logic.go:18.120,20.240 1 1
project/e-commerce/features/order/service/logic.go:24.2,25.16 2 1
project/e-commerce/features/order/service/logic.go:29.2,29.17 1 0
project/e-commerce/features/order/service/logic.go:20.240,22.3 1 1
project/e-commerce/features/order/service/logic.go:25.16,27.3 1 1
project/e-commerce/features/order/service/logic.go:32.85,35.16 2 1
project/e-commerce/features/order/service/logic.go:39.2,39.17 1 1
project/e-commerce/features/order/service/logic.go:35.16,37.3 1 1
project/e-commerce/features/order/service/logic.go:43.87,45.16 2 1
project/e-commerce/features/order/service/logic.go:49.2,49.17 1 1
project/e-commerce/features/order/service/logic.go:45.16,47.3 1 1
project/e-commerce/features/order/service/logic.go:52.86,55.16 2 1
project/e-commerce/features/order/service/logic.go:59.2,59.18 1 1
project/e-commerce/features/order/service/logic.go:55.16,57.3 1 1
