mode: set
project/e-commerce/features/product/service/logic.go:15.63,17.2 1 1
project/e-commerce/features/product/service/logic.go:19.75,21.16 2 1
project/e-commerce/features/product/service/logic.go:27.2,27.17 1 1
project/e-commerce/features/product/service/logic.go:21.16,22.49 1 1
project/e-commerce/features/product/service/logic.go:25.3,25.64 1 1
project/e-commerce/features/product/service/logic.go:22.49,24.4 1 0
project/e-commerce/features/product/service/logic.go:30.84,32.16 2 1
project/e-commerce/features/product/service/logic.go:38.2,38.17 1 1
project/e-commerce/features/product/service/logic.go:32.16,33.46 1 1
project/e-commerce/features/product/service/logic.go:36.3,36.64 1 1
project/e-commerce/features/product/service/logic.go:33.46,35.4 1 0
project/e-commerce/features/product/service/logic.go:41.65,43.16 2 1
project/e-commerce/features/product/service/logic.go:50.2,50.17 1 1
project/e-commerce/features/product/service/logic.go:43.16,44.45 1 1
project/e-commerce/features/product/service/logic.go:44.45,46.4 1 0
project/e-commerce/features/product/service/logic.go:46.9,46.52 1 1
project/e-commerce/features/product/service/logic.go:46.52,48.4 1 0
project/e-commerce/features/product/service/logic.go:53.61,55.16 2 1
project/e-commerce/features/product/service/logic.go:62.2,62.19 1 1
project/e-commerce/features/product/service/logic.go:66.2,66.17 1 1
project/e-commerce/features/product/service/logic.go:55.16,56.45 1 1
project/e-commerce/features/product/service/logic.go:56.45,58.4 1 0
project/e-commerce/features/product/service/logic.go:58.9,58.52 1 1
project/e-commerce/features/product/service/logic.go:58.52,60.4 1 0
project/e-commerce/features/product/service/logic.go:62.19,65.3 2 1
project/e-commerce/features/product/service/logic.go:69.67,71.16 2 1
project/e-commerce/features/product/service/logic.go:78.2,78.17 1 1
project/e-commerce/features/product/service/logic.go:71.16,72.45 1 1
project/e-commerce/features/product/service/logic.go:72.45,74.4 1 0
project/e-commerce/features/product/service/logic.go:74.9,74.52 1 1
project/e-commerce/features/product/service/logic.go:74.52,76.4 1 0
project/e-commerce/features/product/service/logic.go:81.70,83.16 2 1
project/e-commerce/features/product/service/logic.go:90.2,90.19 1 1
project/e-commerce/features/product/service/logic.go:94.2,94.17 1 1
project/e-commerce/features/product/service/logic.go:83.16,84.45 1 1
project/e-commerce/features/product/service/logic.go:84.45,86.4 1 0
project/e-commerce/features/product/service/logic.go:86.9,86.52 1 1
project/e-commerce/features/product/service/logic.go:86.52,88.4 1 0
project/e-commerce/features/product/service/logic.go:90.19,93.3 2 1
